#
# There is insufficient memory for the Java Runtime Environment to continue.
# Native memory allocation (mmap) failed to map 344064 bytes for object start array expansion
# Possible reasons:
#   The system is out of physical RAM or swap space
#   The process is running with CompressedOops enabled, and the Java Heap may be blocking the growth of the native heap
# Possible solutions:
#   Reduce memory load on the system
#   Increase physical memory or swap space
#   Check if swap backing store is full
#   Decrease Java heap size (-Xmx/-Xms)
#   Decrease number of Java threads
#   Decrease Java thread stack sizes (-Xss)
#   Set larger code cache with -XX:ReservedCodeCacheSize=
# This output file may be truncated or incomplete.
#
#  Out of Memory Error (objectStartArray.cpp:102), pid=24212, tid=0x0000000000005cfc
#
# JRE version:  (8.0_341-b10) (build )
# Java VM: Java HotSpot(TM) 64-Bit Server VM (25.341-b10 mixed mode windows-amd64 compressed oops)
# Failed to write core dump. Minidumps are not enabled by default on client versions of Windows
#

---------------  T H R E A D  ---------------

Current thread (0x0000023a6efce800):  JavaThread "Unknown thread" [_thread_in_vm, id=23804, stack(0x00000065e3700000,0x00000065e3800000)]

Stack: [0x00000065e3700000,0x00000065e3800000]
Native frames: (J=compiled Java code, j=interpreted, Vv=VM code, C=native code)
V  [jvm.dll+0x32fa99]
V  [jvm.dll+0x275ff2]
V  [jvm.dll+0x276c9d]
V  [jvm.dll+0x26d645]
V  [jvm.dll+0x3c6437]
V  [jvm.dll+0x3cec9c]
V  [jvm.dll+0x3ce9b8]
V  [jvm.dll+0x3c297f]
V  [jvm.dll+0x3c6b71]
V  [jvm.dll+0xfb31e]
V  [jvm.dll+0xfc754]
V  [jvm.dll+0x20a6b7]
V  [jvm.dll+0x239267]
V  [jvm.dll+0x162c56]
C  [javaw.exe+0x2322]
C  [javaw.exe+0x16544]
C  [KERNEL32.DLL+0x17604]
C  [ntdll.dll+0x526a1]


---------------  P R O C E S S  ---------------

Java Threads: ( => current thread )

Other Threads:

=>0x0000023a6efce800 (exited) JavaThread "Unknown thread" [_thread_in_vm, id=23804, stack(0x00000065e3700000,0x00000065e3800000)]

VM state:not at safepoint (not fully initialized)

VM Mutex/Monitor currently owned by a thread: None

heap address: 0x00000006c4e00000, size: 4018 MB, Compressed Oops mode: Non-zero based:0x00000006c4dff000, Oop shift amount: 3
Narrow klass base: 0x0000000000000000, Narrow klass shift: 0

GC Heap History (0 events):
No events

Deoptimization events (0 events):
No events

Classes redefined (0 events):
No events

Internal exceptions (0 events):
No events

Events (0 events):
No events


Dynamic libraries:
0x00007ff72c520000 - 0x00007ff72c567000 	C:\Program Files\Java\jre1.8.0_341\bin\javaw.exe
0x00007ffd79eb0000 - 0x00007ffd7a0a8000 	C:\Windows\SYSTEM32\ntdll.dll
0x00007ffd78740000 - 0x00007ffd787ff000 	C:\Windows\System32\KERNEL32.DLL
0x00007ffd775c0000 - 0x00007ffd7789a000 	C:\Windows\System32\KERNELBASE.dll
0x00007ffd78800000 - 0x00007ffd788ae000 	C:\Windows\System32\ADVAPI32.dll
0x00007ffd78cb0000 - 0x00007ffd78d4e000 	C:\Windows\System32\msvcrt.dll
0x00007ffd79dd0000 - 0x00007ffd79e6c000 	C:\Windows\System32\sechost.dll
0x00007ffd78b80000 - 0x00007ffd78ca6000 	C:\Windows\System32\RPCRT4.dll
0x00007ffd79890000 - 0x00007ffd79a2d000 	C:\Windows\System32\USER32.dll
0x00007ffd77da0000 - 0x00007ffd77dc2000 	C:\Windows\System32\win32u.dll
0x00007ffd78a70000 - 0x00007ffd78a9b000 	C:\Windows\System32\GDI32.dll
0x00007ffd77aa0000 - 0x00007ffd77bb0000 	C:\Windows\System32\gdi32full.dll
0x00007ffd77a00000 - 0x00007ffd77a9d000 	C:\Windows\System32\msvcp_win.dll
0x00007ffd77c00000 - 0x00007ffd77d00000 	C:\Windows\System32\ucrtbase.dll
0x00007ffd669f0000 - 0x00007ffd66c8a000 	C:\Windows\WinSxS\amd64_microsoft.windows.common-controls_6595b64144ccf1df_6.0.19041.1110_none_60b5254171f9507e\COMCTL32.dll
0x00007ffd79da0000 - 0x00007ffd79dd0000 	C:\Windows\System32\IMM32.DLL
0x00007ffd6d410000 - 0x00007ffd6d425000 	C:\Program Files\Java\jre1.8.0_341\bin\vcruntime140.dll
0x00007ffd60660000 - 0x00007ffd606fb000 	C:\Program Files\Java\jre1.8.0_341\bin\msvcp140.dll
0x000000005a360000 - 0x000000005abc1000 	C:\Program Files\Java\jre1.8.0_341\bin\server\jvm.dll
0x00007ffd79d20000 - 0x00007ffd79d28000 	C:\Windows\System32\PSAPI.DLL
0x00007ffd65080000 - 0x00007ffd65089000 	C:\Windows\SYSTEM32\WSOCK32.dll
0x00007ffd72fa0000 - 0x00007ffd72fc7000 	C:\Windows\SYSTEM32\WINMM.dll
0x00007ffd79d30000 - 0x00007ffd79d9b000 	C:\Windows\System32\WS2_32.dll
0x00007ffd67950000 - 0x00007ffd6795a000 	C:\Windows\SYSTEM32\VERSION.dll
0x00007ffd75480000 - 0x00007ffd75492000 	C:\Windows\SYSTEM32\kernel.appcore.dll
0x00007ffd6beb0000 - 0x00007ffd6bec0000 	C:\Program Files\Java\jre1.8.0_341\bin\verify.dll
0x00007ffd57ae0000 - 0x00007ffd57b0b000 	C:\Program Files\Java\jre1.8.0_341\bin\java.dll
0x00007ffd62770000 - 0x00007ffd62788000 	C:\Program Files\Java\jre1.8.0_341\bin\zip.dll
0x00007ffd65d40000 - 0x00007ffd65f24000 	C:\Windows\SYSTEM32\dbghelp.dll
0x00007ffd77dd0000 - 0x00007ffd77e52000 	C:\Windows\System32\bcryptPrimitives.dll

VM Arguments:
jvm_args: -Dfile.encoding=Cp1252 
java_command: Practice.DeadLock
java_class_path (initial): C:\Users\Administrator\Desktop\personal\QubHome\javase\Problem\bin
Launcher Type: SUN_STANDARD

Environment Variables:
JAVA_HOME=C:\Program Files\Java\jdk1.8.0_333
PATH=C:/Program Files/Java/jre1.8.0_341/bin/server;C:/Program Files/Java/jre1.8.0_341/bin;C:/Program Files/Java/jre1.8.0_341/lib/amd64;C:\Program Files (x86)\Common Files\Oracle\Java\javapath;C:\Windows\system32;C:\Windows;C:\Windows\System32\Wbem;C:\Windows\System32\WindowsPowerShell\v1.0\;C:\Windows\System32\OpenSSH\;C:\Program Files\Java\jdk1.8.0_333\bin;C:\Program Files\Java\jdk1.8.0_333\lib;D:\software\apache-maven-3.8.6\apache-maven-3.8.6;C:\Program Files\Android\Android Studio\bin;C:\Users\Mrunalinee\AppData\Local\Andriod\sdk\platform-tools;C:\Users\Mrunalinee\AppData\Local\Andriod\sdk\tools;C:\Users\Mrunalinee\AppData\Local\Andriod\sdk\build-tools;C:\Users\Mrunalinee\AppData\Local\Andriod\sdk\tools\bin;D:\software\apache-maven-3.8.6\apache-maven-3.8.6\bin;C:\Program Files\Java\jdk1.8.0_333;C:\Users\Mrunalinee\AppData\Local\Andriod\sdk;C:\Program Files\MySQL\MySQL Server 8.0\bin;C:\Program Files\PuTTY\;C:\Program Files\MySQL\MySQL Shell 8.0\bin\;C:\Users\Administrator\AppData\Local\Microsoft\WindowsApps;;C:\Users\jee-2019-06\eclipse;
USERNAME=Administrator
OS=Windows_NT
PROCESSOR_IDENTIFIER=Intel64 Family 6 Model 60 Stepping 3, GenuineIntel



---------------  S Y S T E M  ---------------

OS: Windows 10 , 64 bit Build 19041 (10.0.19041.2788)

CPU:total 4 (initial active 4) (2 cores per cpu, 2 threads per core) family 6 model 60 stepping 3, cmov, cx8, fxsr, mmx, sse, sse2, sse3, ssse3, sse4.1, sse4.2, popcnt, avx, avx2, aes, clmul, erms, lzcnt, ht, tsc, tscinvbit, bmi1, bmi2

Memory: 4k page, physical 16456264k(10760856k free), swap 29109580k(4056k free)

vm_info: Java HotSpot(TM) 64-Bit Server VM (25.341-b10) for windows-amd64 JRE (1.8.0_341-b10), built on Jun 16 2022 15:51:07 by "java_re" with MS VC++ 15.9 (VS2017)

time: Sun May 14 13:37:34 2023
timezone: India Standard Time
elapsed time: 0.121629 seconds (0d 0h 0m 0s)

